<?xml version="1.0" encoding="UTF-8"?>
<!-- Generated by org.testng.reporters.JUnitReportReporter -->
<testsuite hostname="LAPTOP-4BBOCDQ9" failures="0" tests="1" name="academy.HomepageTest" time="5.563" errors="0" timestamp="2021-03-22T14:44:12 IST" skipped="0">
  <testcase classname="academy.HomepageTest" name="clicklogin" time="5.563"/>
  <system-out/>
</testsuite> <!-- academy.HomepageTest -->
