<?xml version="1.0" encoding="UTF-8"?>
<!-- Generated by org.testng.reporters.JUnitReportReporter -->
<testsuite hostname="LAPTOP-4BBOCDQ9" failures="0" tests="2" name="academy.LoginpageTest" time="10.192" errors="0" timestamp="2021-03-22T14:44:12 IST" skipped="0">
  <testcase classname="academy.LoginpageTest" name="enterUnamePassword" time="7.676"/>
  <system-out/>
  <testcase classname="academy.LoginpageTest" name="enterUnamePassword" time="2.516"/>
  <system-out/>
</testsuite> <!-- academy.LoginpageTest -->
