<?xml version="1.0" encoding="UTF-8"?>
<!-- Generated by org.testng.reporters.JUnitReportReporter -->
<testsuite hostname="LAPTOP-4BBOCDQ9" failures="0" tests="1" name="academy.AppTest" time="0.007" errors="0" timestamp="2021-03-18T16:17:19 IST" skipped="0">
  <testcase classname="academy.AppTest" name="testApp" time="0.007"/>
  <system-out/>
</testsuite> <!-- academy.AppTest -->
