<?xml version="1.0" encoding="UTF-8"?>
<!-- Generated by org.testng.reporters.JUnitReportReporter -->
<testsuite hostname="LAPTOP-4BBOCDQ9" failures="0" tests="1" name="academy.HomepageTest" time="4.862" errors="0" timestamp="2021-03-22T15:49:08 IST" skipped="0">
  <testcase classname="academy.HomepageTest" name="clicklogin" time="4.862"/>
  <system-out/>
</testsuite> <!-- academy.HomepageTest -->
